10
100
0
dqn_buffer
target
1
512
1
abilene
Linux nefgpu28 3.10.0-693.17.1.el7.x86_64 #1 SMP Thu Jan 25 20:13:58 UTC 2018 x86_64 x86_64 x86_64 GNU/Linux
Tue May 24 17:48:12 CEST 2022
Setting top to                           : /home/tdasilva/PRISMA-master/ns3-gym 
Setting out to                           : /home/tdasilva/PRISMA-master/ns3-gym/build 
Checking for 'gcc' (C compiler)          : /usr/bin/gcc 
Checking for cc version                  : 9.3.0 
Checking for 'g++' (C++ compiler)        : /usr/bin/g++ 
Checking for compilation flag -Wl,--soname=foo support : ok 
Checking for compilation flag -std=c++11 support       : ok 
Checking for program 'python'                          : /usr/local/bin/python 
Checking for python version >= 2.3                     : 3.8.10 
python-config                                          : /usr/bin/python3.8-config 
Asking python-config for pyembed '--cflags --libs --ldflags' flags : yes 
Testing pyembed configuration                                      : Could not build a python embedded interpreter 
Testing pyembed configuration                                      : Could not build a python embedded interpreter 
Checking boost includes                                            : headers not found, please provide a --boost-includes argument (see help) 
Checking boost includes                                            : headers not found, please provide a --boost-includes argument (see help) 
Checking for click location                                        : not found 
Checking for program 'pkg-config'                                  : /usr/bin/pkg-config 
Checking for 'gtk+-3.0'                                            : not found 
Checking for 'libxml-2.0'                                          : not found 
checking for uint128_t                                             : not found 
checking for __uint128_t                                           : yes 
Checking high precision implementation                             : 128-bit integer (default) 
Checking for header stdint.h                                       : yes 
Checking for header inttypes.h                                     : yes 
Checking for header sys/inttypes.h                                 : not found 
Checking for header sys/types.h                                    : yes 
Checking for header sys/stat.h                                     : yes 
Checking for header dirent.h                                       : yes 
Checking for header stdlib.h                                       : yes 
Checking for header signal.h                                       : yes 
Checking for header pthread.h                                      : yes 
Checking for header stdint.h                                       : yes 
Checking for header inttypes.h                                     : yes 
Checking for header sys/inttypes.h                                 : not found 
Checking for library rt                                            : yes 
Checking for header sys/ioctl.h                                    : yes 
Checking for header net/if.h                                       : yes 
Checking for header net/ethernet.h                                 : yes 
Checking for header linux/if_tun.h                                 : yes 
Checking for header netpacket/packet.h                             : yes 
Checking for NSC location                                          : not found 
Checking for library zmq                                           : yes 
Checking for library protobuf                                      : yes 
Checking for program 'protoc'                                      : /usr/bin/protoc 
Checking for protoc version                                        : 3.6.1 
Build ns3gym Protobuf C++ messages                                 : Done 
Build ns3gym Protobuf Python messages                              : Done 
Checking for 'sqlite3'                                             : not found 
Checking for header linux/if_tun.h                                 : yes 
Checking for program 'sudo'                                        : not found 
Checking for program 'valgrind'                                    : not found 
Checking for 'gsl'                                                 : not found 
python-config                                                      : not found 
Checking for compilation flag -fstrict-aliasing support            : ok 
Checking for compilation flag -fstrict-aliasing support            : ok 
Checking for compilation flag -Wstrict-aliasing support            : ok 
Checking for compilation flag -Wstrict-aliasing support            : ok 
Checking for program 'doxygen'                                     : not found 
---- Summary of optional NS-3 features:
Build profile                 : debug
Build directory               : 
BRITE Integration             : not enabled (BRITE not enabled (see option --with-brite))
DES Metrics event collection  : not enabled (defaults to disabled)
Emulation FdNetDevice         : enabled
Examples                      : not enabled (defaults to disabled)
File descriptor NetDevice     : enabled
GNU Scientific Library (GSL)  : not enabled (GSL not found)
Gcrypt library                : not enabled (libgcrypt not found: you can use libgcrypt-config to find its location.)
GtkConfigStore                : not enabled (library 'gtk+-3.0 >= 3.0' not found)
MPI Support                   : not enabled (option --enable-mpi not selected)
NS-3 Click Integration        : not enabled (nsclick not enabled (see option --with-nsclick))
NS-3 OpenFlow Integration     : not enabled (Required boost libraries not found)
Network Simulation Cradle     : not enabled (NSC not found (see option --with-nsc))
PlanetLab FdNetDevice         : not enabled (PlanetLab operating system not detected (see option --force-planetlab))
PyViz visualizer              : not enabled (Python Bindings are needed but not enabled)
Python Bindings               : not enabled (Python library or headers missing)
Real Time Simulator           : enabled
SQlite stats data output      : not enabled (library 'sqlite3' not found)
Tap Bridge                    : enabled
Tap FdNetDevice               : enabled
Tests                         : not enabled (defaults to disabled)
Threading Primitives          : enabled
Use sudo to set suid bit      : not enabled (option --enable-sudo not selected)
XmlIo                         : not enabled (library 'libxml-2.0 >= 2.7' not found)
'configure' finished successfully (4.106s)
0.6
600
Setting top to                           : /home/tdasilva/PRISMA-master/ns3-gym 
Setting out to                           : /home/tdasilva/PRISMA-master/ns3-gym/build 
Checking for 'gcc' (C compiler)          : /usr/bin/gcc 
Checking for cc version                  : 9.3.0 
Checking for 'g++' (C++ compiler)        : /usr/bin/g++ 
Checking for compilation flag -Wl,--soname=foo support : ok 
Checking for compilation flag -std=c++11 support       : ok 
Checking for program 'python'                          : /usr/local/bin/python 
Checking for python version >= 2.3                     : 3.8.10 
python-config                                          : /usr/bin/python3.8-config 
Asking python-config for pyembed '--cflags --libs --ldflags' flags : yes 
Testing pyembed configuration                                      : Could not build a python embedded interpreter 
Testing pyembed configuration                                      : Could not build a python embedded interpreter 
Checking boost includes                                            : headers not found, please provide a --boost-includes argument (see help) 
Checking boost includes                                            : headers not found, please provide a --boost-includes argument (see help) 
Checking for click location                                        : not found 
Checking for program 'pkg-config'                                  : /usr/bin/pkg-config 
Checking for 'gtk+-3.0'                                            : not found 
Checking for 'libxml-2.0'                                          : not found 
checking for uint128_t                                             : not found 
checking for __uint128_t                                           : yes 
Checking high precision implementation                             : 128-bit integer (default) 
Checking for header stdint.h                                       : yes 
Checking for header inttypes.h                                     : yes 
Checking for header sys/inttypes.h                                 : not found 
Checking for header sys/types.h                                    : yes 
Checking for header sys/stat.h                                     : yes 
Checking for header dirent.h                                       : yes 
Checking for header stdlib.h                                       : yes 
Checking for header signal.h                                       : yes 
Checking for header pthread.h                                      : yes 
Checking for header stdint.h                                       : yes 
Checking for header inttypes.h                                     : yes 
Checking for header sys/inttypes.h                                 : not found 
Checking for library rt                                            : yes 
Checking for header sys/ioctl.h                                    : yes 
Checking for header net/if.h                                       : yes 
Checking for header net/ethernet.h                                 : yes 
Checking for header linux/if_tun.h                                 : yes 
Checking for header netpacket/packet.h                             : yes 
Checking for NSC location                                          : not found 
Checking for library zmq                                           : yes 
Checking for library protobuf                                      : yes 
Checking for program 'protoc'                                      : /usr/bin/protoc 
Checking for protoc version                                        : 3.6.1 
Build ns3gym Protobuf C++ messages                                 : Done 
Build ns3gym Protobuf Python messages                              : Done 
Checking for 'sqlite3'                                             : not found 
Checking for header linux/if_tun.h                                 : yes 
Checking for program 'sudo'                                        : not found 
Checking for program 'valgrind'                                    : not found 
Checking for 'gsl'                                                 : not found 
python-config                                                      : not found 
Checking for compilation flag -fstrict-aliasing support            : ok 
Checking for compilation flag -fstrict-aliasing support            : ok 
Checking for compilation flag -Wstrict-aliasing support            : ok 
Checking for compilation flag -Wstrict-aliasing support            : ok 
Checking for program 'doxygen'                                     : not found 
---- Summary of optional NS-3 features:
Build profile                 : debug
Build directory               : 
BRITE Integration             : not enabled (BRITE not enabled (see option --with-brite))
DES Metrics event collection  : not enabled (defaults to disabled)
Emulation FdNetDevice         : enabled
Examples                      : not enabled (defaults to disabled)
File descriptor NetDevice     : enabled
GNU Scientific Library (GSL)  : not enabled (GSL not found)
Gcrypt library                : not enabled (libgcrypt not found: you can use libgcrypt-config to find its location.)
GtkConfigStore                : not enabled (library 'gtk+-3.0 >= 3.0' not found)
MPI Support                   : not enabled (option --enable-mpi not selected)
NS-3 Click Integration        : not enabled (nsclick not enabled (see option --with-nsclick))
NS-3 OpenFlow Integration     : not enabled (Required boost libraries not found)
Network Simulation Cradle     : not enabled (NSC not found (see option --with-nsc))
PlanetLab FdNetDevice         : not enabled (PlanetLab operating system not detected (see option --force-planetlab))
PyViz visualizer              : not enabled (Python Bindings are needed but not enabled)
Python Bindings               : not enabled (Python library or headers missing)
Real Time Simulator           : enabled
SQlite stats data output      : not enabled (library 'sqlite3' not found)
Tap Bridge                    : enabled
Tap FdNetDevice               : enabled
Tests                         : not enabled (defaults to disabled)
Threading Primitives          : enabled
Use sudo to set suid bit      : not enabled (option --enable-sudo not selected)
XmlIo                         : not enabled (library 'libxml-2.0 >= 2.7' not found)
'configure' finished successfully (4.015s)
1
0.7
700
Setting top to                           : /home/tdasilva/PRISMA-master/ns3-gym 
Setting out to                           : /home/tdasilva/PRISMA-master/ns3-gym/build 
Checking for 'gcc' (C compiler)          : /usr/bin/gcc 
Checking for cc version                  : 9.3.0 
Checking for 'g++' (C++ compiler)        : /usr/bin/g++ 
Checking for compilation flag -Wl,--soname=foo support : ok 
Checking for compilation flag -std=c++11 support       : ok 
Checking for program 'python'                          : /usr/local/bin/python 
Checking for python version >= 2.3                     : 3.8.10 
python-config                                          : /usr/bin/python3.8-config 
Asking python-config for pyembed '--cflags --libs --ldflags' flags : yes 
Testing pyembed configuration                                      : Could not build a python embedded interpreter 
Testing pyembed configuration                                      : Could not build a python embedded interpreter 
Checking boost includes                                            : headers not found, please provide a --boost-includes argument (see help) 
Checking boost includes                                            : headers not found, please provide a --boost-includes argument (see help) 
Checking for click location                                        : not found 
Checking for program 'pkg-config'                                  : /usr/bin/pkg-config 
Checking for 'gtk+-3.0'                                            : not found 
Checking for 'libxml-2.0'                                          : not found 
checking for uint128_t                                             : not found 
checking for __uint128_t                                           : yes 
Checking high precision implementation                             : 128-bit integer (default) 
Checking for header stdint.h                                       : yes 
Checking for header inttypes.h                                     : yes 
Checking for header sys/inttypes.h                                 : not found 
Checking for header sys/types.h                                    : yes 
Checking for header sys/stat.h                                     : yes 
Checking for header dirent.h                                       : yes 
Checking for header stdlib.h                                       : yes 
Checking for header signal.h                                       : yes 
Checking for header pthread.h                                      : yes 
Checking for header stdint.h                                       : yes 
Checking for header inttypes.h                                     : yes 
Checking for header sys/inttypes.h                                 : not found 
Checking for library rt                                            : yes 
Checking for header sys/ioctl.h                                    : yes 
Checking for header net/if.h                                       : yes 
Checking for header net/ethernet.h                                 : yes 
Checking for header linux/if_tun.h                                 : yes 
Checking for header netpacket/packet.h                             : yes 
Checking for NSC location                                          : not found 
Checking for library zmq                                           : yes 
Checking for library protobuf                                      : yes 
Checking for program 'protoc'                                      : /usr/bin/protoc 
Checking for protoc version                                        : 3.6.1 
Build ns3gym Protobuf C++ messages                                 : Done 
Build ns3gym Protobuf Python messages                              : Done 
Checking for 'sqlite3'                                             : not found 
Checking for header linux/if_tun.h                                 : yes 
Checking for program 'sudo'                                        : not found 
Checking for program 'valgrind'                                    : not found 
Checking for 'gsl'                                                 : not found 
python-config                                                      : not found 
Checking for compilation flag -fstrict-aliasing support            : ok 
Checking for compilation flag -fstrict-aliasing support            : ok 
Checking for compilation flag -Wstrict-aliasing support            : ok 
Checking for compilation flag -Wstrict-aliasing support            : ok 
Checking for program 'doxygen'                                     : not found 
---- Summary of optional NS-3 features:
Build profile                 : debug
Build directory               : 
BRITE Integration             : not enabled (BRITE not enabled (see option --with-brite))
DES Metrics event collection  : not enabled (defaults to disabled)
Emulation FdNetDevice         : enabled
Examples                      : not enabled (defaults to disabled)
File descriptor NetDevice     : enabled
GNU Scientific Library (GSL)  : not enabled (GSL not found)
Gcrypt library                : not enabled (libgcrypt not found: you can use libgcrypt-config to find its location.)
GtkConfigStore                : not enabled (library 'gtk+-3.0 >= 3.0' not found)
MPI Support                   : not enabled (option --enable-mpi not selected)
NS-3 Click Integration        : not enabled (nsclick not enabled (see option --with-nsclick))
NS-3 OpenFlow Integration     : not enabled (Required boost libraries not found)
Network Simulation Cradle     : not enabled (NSC not found (see option --with-nsc))
PlanetLab FdNetDevice         : not enabled (PlanetLab operating system not detected (see option --force-planetlab))
PyViz visualizer              : not enabled (Python Bindings are needed but not enabled)
Python Bindings               : not enabled (Python library or headers missing)
Real Time Simulator           : enabled
SQlite stats data output      : not enabled (library 'sqlite3' not found)
Tap Bridge                    : enabled
Tap FdNetDevice               : enabled
Tests                         : not enabled (defaults to disabled)
Threading Primitives          : enabled
Use sudo to set suid bit      : not enabled (option --enable-sudo not selected)
XmlIo                         : not enabled (library 'libxml-2.0 >= 2.7' not found)
'configure' finished successfully (4.051s)
Waf: Entering directory `/home/tdasilva/PRISMA-master/ns3-gym/build'
Waf: Leaving directory `/home/tdasilva/PRISMA-master/ns3-gym/build'
Build commands will be stored in build/compile_commands.json
'build' finished successfully (3.522s)
2
0.8
800
Setting top to                           : /home/tdasilva/PRISMA-master/ns3-gym 
Setting out to                           : /home/tdasilva/PRISMA-master/ns3-gym/build 
Checking for 'gcc' (C compiler)          : /usr/bin/gcc 
Checking for cc version                  : 9.3.0 
Checking for 'g++' (C++ compiler)        : /usr/bin/g++ 
Checking for compilation flag -Wl,--soname=foo support : ok 
Checking for compilation flag -std=c++11 support       : ok 
Checking for program 'python'                          : /usr/local/bin/python 
Checking for python version >= 2.3                     : 3.8.10 
python-config                                          : /usr/bin/python3.8-config 
Asking python-config for pyembed '--cflags --libs --ldflags' flags : yes 
Testing pyembed configuration                                      : Could not build a python embedded interpreter 
Testing pyembed configuration                                      : Could not build a python embedded interpreter 
Checking boost includes                                            : headers not found, please provide a --boost-includes argument (see help) 
Checking boost includes                                            : headers not found, please provide a --boost-includes argument (see help) 
Checking for click location                                        : not found 
Checking for program 'pkg-config'                                  : /usr/bin/pkg-config 
Checking for 'gtk+-3.0'                                            : not found 
Checking for 'libxml-2.0'                                          : not found 
checking for uint128_t                                             : not found 
checking for __uint128_t                                           : yes 
Checking high precision implementation                             : 128-bit integer (default) 
Checking for header stdint.h                                       : yes 
Checking for header inttypes.h                                     : yes 
Checking for header sys/inttypes.h                                 : not found 
Checking for header sys/types.h                                    : yes 
Checking for header sys/stat.h                                     : yes 
Checking for header dirent.h                                       : yes 
Checking for header stdlib.h                                       : yes 
Checking for header signal.h                                       : yes 
Checking for header pthread.h                                      : yes 
Checking for header stdint.h                                       : yes 
Checking for header inttypes.h                                     : yes 
Checking for header sys/inttypes.h                                 : not found 
Checking for library rt                                            : yes 
Checking for header sys/ioctl.h                                    : yes 
Checking for header net/if.h                                       : yes 
Checking for header net/ethernet.h                                 : yes 
Checking for header linux/if_tun.h                                 : yes 
Checking for header netpacket/packet.h                             : yes 
Checking for NSC location                                          : not found 
Checking for library zmq                                           : yes 
Checking for library protobuf                                      : yes 
Checking for program 'protoc'                                      : /usr/bin/protoc 
Checking for protoc version                                        : 3.6.1 
Build ns3gym Protobuf C++ messages                                 : Done 
Build ns3gym Protobuf Python messages                              : Done 
Checking for 'sqlite3'                                             : not found 
Checking for header linux/if_tun.h                                 : yes 
Checking for program 'sudo'                                        : not found 
Checking for program 'valgrind'                                    : not found 
Checking for 'gsl'                                                 : not found 
python-config                                                      : not found 
Checking for compilation flag -fstrict-aliasing support            : ok 
Checking for compilation flag -fstrict-aliasing support            : ok 
Checking for compilation flag -Wstrict-aliasing support            : ok 
Checking for compilation flag -Wstrict-aliasing support            : ok 
Checking for program 'doxygen'                                     : not found 
---- Summary of optional NS-3 features:
Build profile                 : debug
Build directory               : 
BRITE Integration             : not enabled (BRITE not enabled (see option --with-brite))
DES Metrics event collection  : not enabled (defaults to disabled)
Emulation FdNetDevice         : enabled
Examples                      : not enabled (defaults to disabled)
File descriptor NetDevice     : enabled
GNU Scientific Library (GSL)  : not enabled (GSL not found)
Gcrypt library                : not enabled (libgcrypt not found: you can use libgcrypt-config to find its location.)
GtkConfigStore                : not enabled (library 'gtk+-3.0 >= 3.0' not found)
MPI Support                   : not enabled (option --enable-mpi not selected)
NS-3 Click Integration        : not enabled (nsclick not enabled (see option --with-nsclick))
NS-3 OpenFlow Integration     : not enabled (Required boost libraries not found)
Network Simulation Cradle     : not enabled (NSC not found (see option --with-nsc))
PlanetLab FdNetDevice         : not enabled (PlanetLab operating system not detected (see option --force-planetlab))
PyViz visualizer              : not enabled (Python Bindings are needed but not enabled)
Python Bindings               : not enabled (Python library or headers missing)
Real Time Simulator           : enabled
SQlite stats data output      : not enabled (library 'sqlite3' not found)
Tap Bridge                    : enabled
Tap FdNetDevice               : enabled
Tests                         : not enabled (defaults to disabled)
Threading Primitives          : enabled
Use sudo to set suid bit      : not enabled (option --enable-sudo not selected)
XmlIo                         : not enabled (library 'libxml-2.0 >= 2.7' not found)
'configure' finished successfully (3.812s)
3
0.9
900
Setting top to                           : /home/tdasilva/PRISMA-master/ns3-gym 
Setting out to                           : /home/tdasilva/PRISMA-master/ns3-gym/build 
Checking for 'gcc' (C compiler)          : /usr/bin/gcc 
Checking for cc version                  : 9.3.0 
Checking for 'g++' (C++ compiler)        : /usr/bin/g++ 
Checking for compilation flag -Wl,--soname=foo support : ok 
Checking for compilation flag -std=c++11 support       : ok 
Checking for program 'python'                          : /usr/local/bin/python 
Checking for python version >= 2.3                     : 3.8.10 
python-config                                          : /usr/bin/python3.8-config 
Asking python-config for pyembed '--cflags --libs --ldflags' flags : yes 
Testing pyembed configuration                                      : Could not build a python embedded interpreter 
Testing pyembed configuration                                      : Could not build a python embedded interpreter 
Checking boost includes                                            : headers not found, please provide a --boost-includes argument (see help) 
Checking boost includes                                            : headers not found, please provide a --boost-includes argument (see help) 
Checking for click location                                        : not found 
Checking for program 'pkg-config'                                  : /usr/bin/pkg-config 
Checking for 'gtk+-3.0'                                            : not found 
Checking for 'libxml-2.0'                                          : not found 
checking for uint128_t                                             : not found 
checking for __uint128_t                                           : yes 
Checking high precision implementation                             : 128-bit integer (default) 
Checking for header stdint.h                                       : yes 
Checking for header inttypes.h                                     : yes 
Checking for header sys/inttypes.h                                 : not found 
Checking for header sys/types.h                                    : yes 
Checking for header sys/stat.h                                     : yes 
Checking for header dirent.h                                       : yes 
Checking for header stdlib.h                                       : yes 
Checking for header signal.h                                       : yes 
Checking for header pthread.h                                      : yes 
Checking for header stdint.h                                       : yes 
Checking for header inttypes.h                                     : yes 
Checking for header sys/inttypes.h                                 : not found 
Checking for library rt                                            : yes 
Checking for header sys/ioctl.h                                    : yes 
Checking for header net/if.h                                       : yes 
Checking for header net/ethernet.h                                 : yes 
Checking for header linux/if_tun.h                                 : yes 
Checking for header netpacket/packet.h                             : yes 
Checking for NSC location                                          : not found 
Checking for library zmq                                           : yes 
Checking for library protobuf                                      : yes 
Checking for program 'protoc'                                      : /usr/bin/protoc 
Checking for protoc version                                        : 3.6.1 
Build ns3gym Protobuf C++ messages                                 : Done 
Build ns3gym Protobuf Python messages                              : Done 
Checking for 'sqlite3'                                             : not found 
Checking for header linux/if_tun.h                                 : yes 
Checking for program 'sudo'                                        : not found 
Checking for program 'valgrind'                                    : not found 
Checking for 'gsl'                                                 : not found 
python-config                                                      : not found 
Checking for compilation flag -fstrict-aliasing support            : ok 
Checking for compilation flag -fstrict-aliasing support            : ok 
Checking for compilation flag -Wstrict-aliasing support            : ok 
Checking for compilation flag -Wstrict-aliasing support            : ok 
Checking for program 'doxygen'                                     : not found 
---- Summary of optional NS-3 features:
Build profile                 : debug
Build directory               : 
BRITE Integration             : not enabled (BRITE not enabled (see option --with-brite))
DES Metrics event collection  : not enabled (defaults to disabled)
Emulation FdNetDevice         : enabled
Examples                      : not enabled (defaults to disabled)
File descriptor NetDevice     : enabled
GNU Scientific Library (GSL)  : not enabled (GSL not found)
Gcrypt library                : not enabled (libgcrypt not found: you can use libgcrypt-config to find its location.)
GtkConfigStore                : not enabled (library 'gtk+-3.0 >= 3.0' not found)
MPI Support                   : not enabled (option --enable-mpi not selected)
NS-3 Click Integration        : not enabled (nsclick not enabled (see option --with-nsclick))
NS-3 OpenFlow Integration     : not enabled (Required boost libraries not found)
Network Simulation Cradle     : not enabled (NSC not found (see option --with-nsc))
PlanetLab FdNetDevice         : not enabled (PlanetLab operating system not detected (see option --force-planetlab))
PyViz visualizer              : not enabled (Python Bindings are needed but not enabled)
Python Bindings               : not enabled (Python library or headers missing)
Real Time Simulator           : enabled
SQlite stats data output      : not enabled (library 'sqlite3' not found)
Tap Bridge                    : enabled
Tap FdNetDevice               : enabled
Tests                         : not enabled (defaults to disabled)
Threading Primitives          : enabled
Use sudo to set suid bit      : not enabled (option --enable-sudo not selected)
XmlIo                         : not enabled (library 'libxml-2.0 >= 2.7' not found)
'configure' finished successfully (4.110s)
Waf: Entering directory `/home/tdasilva/PRISMA-master/ns3-gym/build'
Waf: Leaving directory `/home/tdasilva/PRISMA-master/ns3-gym/build'
Build commands will be stored in build/compile_commands.json
'build' finished successfully (3.480s)
4
1.0
1000
Setting top to                           : /home/tdasilva/PRISMA-master/ns3-gym 
Setting out to                           : /home/tdasilva/PRISMA-master/ns3-gym/build 
Checking for 'gcc' (C compiler)          : /usr/bin/gcc 
Checking for cc version                  : 9.3.0 
Checking for 'g++' (C++ compiler)        : /usr/bin/g++ 
Checking for compilation flag -Wl,--soname=foo support : ok 
Checking for compilation flag -std=c++11 support       : ok 
Checking for program 'python'                          : /usr/local/bin/python 
Checking for python version >= 2.3                     : 3.8.10 
python-config                                          : /usr/bin/python3.8-config 
Asking python-config for pyembed '--cflags --libs --ldflags' flags : yes 
Testing pyembed configuration                                      : Could not build a python embedded interpreter 
Testing pyembed configuration                                      : Could not build a python embedded interpreter 
Checking boost includes                                            : headers not found, please provide a --boost-includes argument (see help) 
Checking boost includes                                            : headers not found, please provide a --boost-includes argument (see help) 
Checking for click location                                        : not found 
Checking for program 'pkg-config'                                  : /usr/bin/pkg-config 
Checking for 'gtk+-3.0'                                            : not found 
Checking for 'libxml-2.0'                                          : not found 
checking for uint128_t                                             : not found 
checking for __uint128_t                                           : yes 
Checking high precision implementation                             : 128-bit integer (default) 
Checking for header stdint.h                                       : yes 
Checking for header inttypes.h                                     : yes 
Checking for header sys/inttypes.h                                 : not found 
Checking for header sys/types.h                                    : yes 
Checking for header sys/stat.h                                     : yes 
Checking for header dirent.h                                       : yes 
Checking for header stdlib.h                                       : yes 
Checking for header signal.h                                       : yes 
Checking for header pthread.h                                      : yes 
Checking for header stdint.h                                       : yes 
Checking for header inttypes.h                                     : yes 
Checking for header sys/inttypes.h                                 : not found 
Checking for library rt                                            : yes 
Checking for header sys/ioctl.h                                    : yes 
Checking for header net/if.h                                       : yes 
Checking for header net/ethernet.h                                 : yes 
Checking for header linux/if_tun.h                                 : yes 
Checking for header netpacket/packet.h                             : yes 
Checking for NSC location                                          : not found 
Checking for library zmq                                           : yes 
Checking for library protobuf                                      : yes 
Checking for program 'protoc'                                      : /usr/bin/protoc 
Checking for protoc version                                        : 3.6.1 
Build ns3gym Protobuf C++ messages                                 : Done 
Build ns3gym Protobuf Python messages                              : Done 
Checking for 'sqlite3'                                             : not found 
Checking for header linux/if_tun.h                                 : yes 
Checking for program 'sudo'                                        : not found 
Checking for program 'valgrind'                                    : not found 
Checking for 'gsl'                                                 : not found 
python-config                                                      : not found 
Checking for compilation flag -fstrict-aliasing support            : ok 
Checking for compilation flag -fstrict-aliasing support            : ok 
Checking for compilation flag -Wstrict-aliasing support            : ok 
Checking for compilation flag -Wstrict-aliasing support            : ok 
Checking for program 'doxygen'                                     : not found 
---- Summary of optional NS-3 features:
Build profile                 : debug
Build directory               : 
BRITE Integration             : not enabled (BRITE not enabled (see option --with-brite))
DES Metrics event collection  : not enabled (defaults to disabled)
Emulation FdNetDevice         : enabled
Examples                      : not enabled (defaults to disabled)
File descriptor NetDevice     : enabled
GNU Scientific Library (GSL)  : not enabled (GSL not found)
Gcrypt library                : not enabled (libgcrypt not found: you can use libgcrypt-config to find its location.)
GtkConfigStore                : not enabled (library 'gtk+-3.0 >= 3.0' not found)
MPI Support                   : not enabled (option --enable-mpi not selected)
NS-3 Click Integration        : not enabled (nsclick not enabled (see option --with-nsclick))
NS-3 OpenFlow Integration     : not enabled (Required boost libraries not found)
Network Simulation Cradle     : not enabled (NSC not found (see option --with-nsc))
PlanetLab FdNetDevice         : not enabled (PlanetLab operating system not detected (see option --force-planetlab))
PyViz visualizer              : not enabled (Python Bindings are needed but not enabled)
Python Bindings               : not enabled (Python library or headers missing)
Real Time Simulator           : enabled
SQlite stats data output      : not enabled (library 'sqlite3' not found)
Tap Bridge                    : enabled
Tap FdNetDevice               : enabled
Tests                         : not enabled (defaults to disabled)
Threading Primitives          : enabled
Use sudo to set suid bit      : not enabled (option --enable-sudo not selected)
XmlIo                         : not enabled (library 'libxml-2.0 >= 2.7' not found)
'configure' finished successfully (4.108s)
Waf: Entering directory `/home/tdasilva/PRISMA-master/ns3-gym/build'
Waf: Leaving directory `/home/tdasilva/PRISMA-master/ns3-gym/build'
Build commands will be stored in build/compile_commands.json
'build' finished successfully (3.581s)
5
1.1
1100
Setting top to                           : /home/tdasilva/PRISMA-master/ns3-gym 
Setting out to                           : /home/tdasilva/PRISMA-master/ns3-gym/build 
Checking for 'gcc' (C compiler)          : /usr/bin/gcc 
Checking for cc version                  : 9.3.0 
Checking for 'g++' (C++ compiler)        : /usr/bin/g++ 
Checking for compilation flag -Wl,--soname=foo support : ok 
Checking for compilation flag -std=c++11 support       : ok 
Checking for program 'python'                          : /usr/local/bin/python 
Checking for python version >= 2.3                     : 3.8.10 
python-config                                          : /usr/bin/python3.8-config 
Asking python-config for pyembed '--cflags --libs --ldflags' flags : yes 
Testing pyembed configuration                                      : Could not build a python embedded interpreter 
Testing pyembed configuration                                      : Could not build a python embedded interpreter 
Checking boost includes                                            : headers not found, please provide a --boost-includes argument (see help) 
Checking boost includes                                            : headers not found, please provide a --boost-includes argument (see help) 
Checking for click location                                        : not found 
Checking for program 'pkg-config'                                  : /usr/bin/pkg-config 
Checking for 'gtk+-3.0'                                            : not found 
Checking for 'libxml-2.0'                                          : not found 
checking for uint128_t                                             : not found 
checking for __uint128_t                                           : yes 
Checking high precision implementation                             : 128-bit integer (default) 
Checking for header stdint.h                                       : yes 
Checking for header inttypes.h                                     : yes 
Checking for header sys/inttypes.h                                 : not found 
Checking for header sys/types.h                                    : yes 
Checking for header sys/stat.h                                     : yes 
Checking for header dirent.h                                       : yes 
Checking for header stdlib.h                                       : yes 
Checking for header signal.h                                       : yes 
Checking for header pthread.h                                      : yes 
Checking for header stdint.h                                       : yes 
Checking for header inttypes.h                                     : yes 
Checking for header sys/inttypes.h                                 : not found 
Checking for library rt                                            : yes 
Checking for header sys/ioctl.h                                    : yes 
Checking for header net/if.h                                       : yes 
Checking for header net/ethernet.h                                 : yes 
Checking for header linux/if_tun.h                                 : yes 
Checking for header netpacket/packet.h                             : yes 
Checking for NSC location                                          : not found 
Checking for library zmq                                           : yes 
Checking for library protobuf                                      : yes 
Checking for program 'protoc'                                      : /usr/bin/protoc 
Checking for protoc version                                        : 3.6.1 
Build ns3gym Protobuf C++ messages                                 : Done 
Build ns3gym Protobuf Python messages                              : Done 
Checking for 'sqlite3'                                             : not found 
Checking for header linux/if_tun.h                                 : yes 
Checking for program 'sudo'                                        : not found 
Checking for program 'valgrind'                                    : not found 
Checking for 'gsl'                                                 : not found 
python-config                                                      : not found 
Checking for compilation flag -fstrict-aliasing support            : ok 
Checking for compilation flag -fstrict-aliasing support            : ok 
Checking for compilation flag -Wstrict-aliasing support            : ok 
Checking for compilation flag -Wstrict-aliasing support            : ok 
Checking for program 'doxygen'                                     : not found 
---- Summary of optional NS-3 features:
Build profile                 : debug
Build directory               : 
BRITE Integration             : not enabled (BRITE not enabled (see option --with-brite))
DES Metrics event collection  : not enabled (defaults to disabled)
Emulation FdNetDevice         : enabled
Examples                      : not enabled (defaults to disabled)
File descriptor NetDevice     : enabled
GNU Scientific Library (GSL)  : not enabled (GSL not found)
Gcrypt library                : not enabled (libgcrypt not found: you can use libgcrypt-config to find its location.)
GtkConfigStore                : not enabled (library 'gtk+-3.0 >= 3.0' not found)
MPI Support                   : not enabled (option --enable-mpi not selected)
NS-3 Click Integration        : not enabled (nsclick not enabled (see option --with-nsclick))
NS-3 OpenFlow Integration     : not enabled (Required boost libraries not found)
Network Simulation Cradle     : not enabled (NSC not found (see option --with-nsc))
PlanetLab FdNetDevice         : not enabled (PlanetLab operating system not detected (see option --force-planetlab))
PyViz visualizer              : not enabled (Python Bindings are needed but not enabled)
Python Bindings               : not enabled (Python library or headers missing)
Real Time Simulator           : enabled
SQlite stats data output      : not enabled (library 'sqlite3' not found)
Tap Bridge                    : enabled
Tap FdNetDevice               : enabled
Tests                         : not enabled (defaults to disabled)
Threading Primitives          : enabled
Use sudo to set suid bit      : not enabled (option --enable-sudo not selected)
XmlIo                         : not enabled (library 'libxml-2.0 >= 2.7' not found)
'configure' finished successfully (4.077s)
Waf: Entering directory `/home/tdasilva/PRISMA-master/ns3-gym/build'
Waf: Leaving directory `/home/tdasilva/PRISMA-master/ns3-gym/build'
Build commands will be stored in build/compile_commands.json
'build' finished successfully (3.406s)
6
1.2
1200
Setting top to                           : /home/tdasilva/PRISMA-master/ns3-gym 
Setting out to                           : /home/tdasilva/PRISMA-master/ns3-gym/build 
Checking for 'gcc' (C compiler)          : /usr/bin/gcc 
Checking for cc version                  : 9.3.0 
Checking for 'g++' (C++ compiler)        : /usr/bin/g++ 
Checking for compilation flag -Wl,--soname=foo support : ok 
Checking for compilation flag -std=c++11 support       : ok 
Checking for program 'python'                          : /usr/local/bin/python 
Checking for python version >= 2.3                     : 3.8.10 
python-config                                          : /usr/bin/python3.8-config 
Asking python-config for pyembed '--cflags --libs --ldflags' flags : yes 
Testing pyembed configuration                                      : Could not build a python embedded interpreter 
Testing pyembed configuration                                      : Could not build a python embedded interpreter 
Checking boost includes                                            : headers not found, please provide a --boost-includes argument (see help) 
Checking boost includes                                            : headers not found, please provide a --boost-includes argument (see help) 
Checking for click location                                        : not found 
Checking for program 'pkg-config'                                  : /usr/bin/pkg-config 
Checking for 'gtk+-3.0'                                            : not found 
Checking for 'libxml-2.0'                                          : not found 
checking for uint128_t                                             : not found 
checking for __uint128_t                                           : yes 
Checking high precision implementation                             : 128-bit integer (default) 
Checking for header stdint.h                                       : yes 
Checking for header inttypes.h                                     : yes 
Checking for header sys/inttypes.h                                 : not found 
Checking for header sys/types.h                                    : yes 
Checking for header sys/stat.h                                     : yes 
Checking for header dirent.h                                       : yes 
Checking for header stdlib.h                                       : yes 
Checking for header signal.h                                       : yes 
Checking for header pthread.h                                      : yes 
Checking for header stdint.h                                       : yes 
Checking for header inttypes.h                                     : yes 
Checking for header sys/inttypes.h                                 : not found 
Checking for library rt                                            : yes 
Checking for header sys/ioctl.h                                    : yes 
Checking for header net/if.h                                       : yes 
Checking for header net/ethernet.h                                 : yes 
Checking for header linux/if_tun.h                                 : yes 
Checking for header netpacket/packet.h                             : yes 
Checking for NSC location                                          : not found 
Checking for library zmq                                           : yes 
Checking for library protobuf                                      : yes 
Checking for program 'protoc'                                      : /usr/bin/protoc 
Checking for protoc version                                        : 3.6.1 
Build ns3gym Protobuf C++ messages                                 : Done 
Build ns3gym Protobuf Python messages                              : Done 
Checking for 'sqlite3'                                             : not found 
Checking for header linux/if_tun.h                                 : yes 
Checking for program 'sudo'                                        : not found 
Checking for program 'valgrind'                                    : not found 
Checking for 'gsl'                                                 : not found 
python-config                                                      : not found 
Checking for compilation flag -fstrict-aliasing support            : ok 
Checking for compilation flag -fstrict-aliasing support            : ok 
Checking for compilation flag -Wstrict-aliasing support            : ok 
Checking for compilation flag -Wstrict-aliasing support            : ok 
Checking for program 'doxygen'                                     : not found 
---- Summary of optional NS-3 features:
Build profile                 : debug
Build directory               : 
BRITE Integration             : not enabled (BRITE not enabled (see option --with-brite))
DES Metrics event collection  : not enabled (defaults to disabled)
Emulation FdNetDevice         : enabled
Examples                      : not enabled (defaults to disabled)
File descriptor NetDevice     : enabled
GNU Scientific Library (GSL)  : not enabled (GSL not found)
Gcrypt library                : not enabled (libgcrypt not found: you can use libgcrypt-config to find its location.)
GtkConfigStore                : not enabled (library 'gtk+-3.0 >= 3.0' not found)
MPI Support                   : not enabled (option --enable-mpi not selected)
NS-3 Click Integration        : not enabled (nsclick not enabled (see option --with-nsclick))
NS-3 OpenFlow Integration     : not enabled (Required boost libraries not found)
Network Simulation Cradle     : not enabled (NSC not found (see option --with-nsc))
PlanetLab FdNetDevice         : not enabled (PlanetLab operating system not detected (see option --force-planetlab))
PyViz visualizer              : not enabled (Python Bindings are needed but not enabled)
Python Bindings               : not enabled (Python library or headers missing)
Real Time Simulator           : enabled
SQlite stats data output      : not enabled (library 'sqlite3' not found)
Tap Bridge                    : enabled
Tap FdNetDevice               : enabled
Tests                         : not enabled (defaults to disabled)
Threading Primitives          : enabled
Use sudo to set suid bit      : not enabled (option --enable-sudo not selected)
XmlIo                         : not enabled (library 'libxml-2.0 >= 2.7' not found)
'configure' finished successfully (4.173s)
7
1.3
1300
Setting top to                           : /home/tdasilva/PRISMA-master/ns3-gym 
Setting out to                           : /home/tdasilva/PRISMA-master/ns3-gym/build 
Checking for 'gcc' (C compiler)          : /usr/bin/gcc 
Checking for cc version                  : 9.3.0 
Checking for 'g++' (C++ compiler)        : /usr/bin/g++ 
Checking for compilation flag -Wl,--soname=foo support : ok 
Checking for compilation flag -std=c++11 support       : ok 
Checking for program 'python'                          : /usr/local/bin/python 
Checking for python version >= 2.3                     : 3.8.10 
python-config                                          : /usr/bin/python3.8-config 
Asking python-config for pyembed '--cflags --libs --ldflags' flags : yes 
Testing pyembed configuration                                      : Could not build a python embedded interpreter 
Testing pyembed configuration                                      : Could not build a python embedded interpreter 
Checking boost includes                                            : headers not found, please provide a --boost-includes argument (see help) 
Checking boost includes                                            : headers not found, please provide a --boost-includes argument (see help) 
Checking for click location                                        : not found 
Checking for program 'pkg-config'                                  : /usr/bin/pkg-config 
Checking for 'gtk+-3.0'                                            : not found 
Checking for 'libxml-2.0'                                          : not found 
checking for uint128_t                                             : not found 
checking for __uint128_t                                           : yes 
Checking high precision implementation                             : 128-bit integer (default) 
Checking for header stdint.h                                       : yes 
Checking for header inttypes.h                                     : yes 
Checking for header sys/inttypes.h                                 : not found 
Checking for header sys/types.h                                    : yes 
Checking for header sys/stat.h                                     : yes 
Checking for header dirent.h                                       : yes 
Checking for header stdlib.h                                       : yes 
Checking for header signal.h                                       : yes 
Checking for header pthread.h                                      : yes 
Checking for header stdint.h                                       : yes 
Checking for header inttypes.h                                     : yes 
Checking for header sys/inttypes.h                                 : not found 
Checking for library rt                                            : yes 
Checking for header sys/ioctl.h                                    : yes 
Checking for header net/if.h                                       : yes 
Checking for header net/ethernet.h                                 : yes 
Checking for header linux/if_tun.h                                 : yes 
Checking for header netpacket/packet.h                             : yes 
Checking for NSC location                                          : not found 
Checking for library zmq                                           : yes 
Checking for library protobuf                                      : yes 
Checking for program 'protoc'                                      : /usr/bin/protoc 
Checking for protoc version                                        : 3.6.1 
Build ns3gym Protobuf C++ messages                                 : Done 
Build ns3gym Protobuf Python messages                              : Done 
Checking for 'sqlite3'                                             : not found 
Checking for header linux/if_tun.h                                 : yes 
Checking for program 'sudo'                                        : not found 
Checking for program 'valgrind'                                    : not found 
Checking for 'gsl'                                                 : not found 
python-config                                                      : not found 
Checking for compilation flag -fstrict-aliasing support            : ok 
Checking for compilation flag -fstrict-aliasing support            : ok 
Checking for compilation flag -Wstrict-aliasing support            : ok 
Checking for compilation flag -Wstrict-aliasing support            : ok 
Checking for program 'doxygen'                                     : not found 
---- Summary of optional NS-3 features:
Build profile                 : debug
Build directory               : 
BRITE Integration             : not enabled (BRITE not enabled (see option --with-brite))
DES Metrics event collection  : not enabled (defaults to disabled)
Emulation FdNetDevice         : enabled
Examples                      : not enabled (defaults to disabled)
File descriptor NetDevice     : enabled
GNU Scientific Library (GSL)  : not enabled (GSL not found)
Gcrypt library                : not enabled (libgcrypt not found: you can use libgcrypt-config to find its location.)
GtkConfigStore                : not enabled (library 'gtk+-3.0 >= 3.0' not found)
MPI Support                   : not enabled (option --enable-mpi not selected)
NS-3 Click Integration        : not enabled (nsclick not enabled (see option --with-nsclick))
NS-3 OpenFlow Integration     : not enabled (Required boost libraries not found)
Network Simulation Cradle     : not enabled (NSC not found (see option --with-nsc))
PlanetLab FdNetDevice         : not enabled (PlanetLab operating system not detected (see option --force-planetlab))
PyViz visualizer              : not enabled (Python Bindings are needed but not enabled)
Python Bindings               : not enabled (Python library or headers missing)
Real Time Simulator           : enabled
SQlite stats data output      : not enabled (library 'sqlite3' not found)
Tap Bridge                    : enabled
Tap FdNetDevice               : enabled
Tests                         : not enabled (defaults to disabled)
Threading Primitives          : enabled
Use sudo to set suid bit      : not enabled (option --enable-sudo not selected)
XmlIo                         : not enabled (library 'libxml-2.0 >= 2.7' not found)
'configure' finished successfully (3.741s)
8
1.4
1400
Setting top to                           : /home/tdasilva/PRISMA-master/ns3-gym 
Setting out to                           : /home/tdasilva/PRISMA-master/ns3-gym/build 
Checking for 'gcc' (C compiler)          : /usr/bin/gcc 
Checking for cc version                  : 9.3.0 
Checking for 'g++' (C++ compiler)        : /usr/bin/g++ 
Checking for compilation flag -Wl,--soname=foo support : ok 
Checking for compilation flag -std=c++11 support       : ok 
Checking for program 'python'                          : /usr/local/bin/python 
Checking for python version >= 2.3                     : 3.8.10 
python-config                                          : /usr/bin/python3.8-config 
Asking python-config for pyembed '--cflags --libs --ldflags' flags : yes 
Testing pyembed configuration                                      : Could not build a python embedded interpreter 
Testing pyembed configuration                                      : Could not build a python embedded interpreter 
Checking boost includes                                            : headers not found, please provide a --boost-includes argument (see help) 
Checking boost includes                                            : headers not found, please provide a --boost-includes argument (see help) 
Checking for click location                                        : not found 
Checking for program 'pkg-config'                                  : /usr/bin/pkg-config 
Checking for 'gtk+-3.0'                                            : not found 
Checking for 'libxml-2.0'                                          : not found 
checking for uint128_t                                             : not found 
checking for __uint128_t                                           : yes 
Checking high precision implementation                             : 128-bit integer (default) 
Checking for header stdint.h                                       : yes 
Checking for header inttypes.h                                     : yes 
Checking for header sys/inttypes.h                                 : not found 
Checking for header sys/types.h                                    : yes 
Checking for header sys/stat.h                                     : yes 
Checking for header dirent.h                                       : yes 
Checking for header stdlib.h                                       : yes 
Checking for header signal.h                                       : yes 
Checking for header pthread.h                                      : yes 
Checking for header stdint.h                                       : yes 
Checking for header inttypes.h                                     : yes 
Checking for header sys/inttypes.h                                 : not found 
Checking for library rt                                            : yes 
Checking for header sys/ioctl.h                                    : yes 
Checking for header net/if.h                                       : yes 
Checking for header net/ethernet.h                                 : yes 
Checking for header linux/if_tun.h                                 : yes 
Checking for header netpacket/packet.h                             : yes 
Checking for NSC location                                          : not found 
Checking for library zmq                                           : yes 
Checking for library protobuf                                      : yes 
Checking for program 'protoc'                                      : /usr/bin/protoc 
Checking for protoc version                                        : 3.6.1 
Build ns3gym Protobuf C++ messages                                 : Done 
Build ns3gym Protobuf Python messages                              : Done 
Checking for 'sqlite3'                                             : not found 
Checking for header linux/if_tun.h                                 : yes 
Checking for program 'sudo'                                        : not found 
Checking for program 'valgrind'                                    : not found 
Checking for 'gsl'                                                 : not found 
python-config                                                      : not found 
Checking for compilation flag -fstrict-aliasing support            : ok 
Checking for compilation flag -fstrict-aliasing support            : ok 
Checking for compilation flag -Wstrict-aliasing support            : ok 
Checking for compilation flag -Wstrict-aliasing support            : ok 
Checking for program 'doxygen'                                     : not found 
---- Summary of optional NS-3 features:
Build profile                 : debug
Build directory               : 
BRITE Integration             : not enabled (BRITE not enabled (see option --with-brite))
DES Metrics event collection  : not enabled (defaults to disabled)
Emulation FdNetDevice         : enabled
Examples                      : not enabled (defaults to disabled)
File descriptor NetDevice     : enabled
GNU Scientific Library (GSL)  : not enabled (GSL not found)
Gcrypt library                : not enabled (libgcrypt not found: you can use libgcrypt-config to find its location.)
GtkConfigStore                : not enabled (library 'gtk+-3.0 >= 3.0' not found)
MPI Support                   : not enabled (option --enable-mpi not selected)
NS-3 Click Integration        : not enabled (nsclick not enabled (see option --with-nsclick))
NS-3 OpenFlow Integration     : not enabled (Required boost libraries not found)
Network Simulation Cradle     : not enabled (NSC not found (see option --with-nsc))
PlanetLab FdNetDevice         : not enabled (PlanetLab operating system not detected (see option --force-planetlab))
PyViz visualizer              : not enabled (Python Bindings are needed but not enabled)
Python Bindings               : not enabled (Python library or headers missing)
Real Time Simulator           : enabled
SQlite stats data output      : not enabled (library 'sqlite3' not found)
Tap Bridge                    : enabled
Tap FdNetDevice               : enabled
Tests                         : not enabled (defaults to disabled)
Threading Primitives          : enabled
Use sudo to set suid bit      : not enabled (option --enable-sudo not selected)
XmlIo                         : not enabled (library 'libxml-2.0 >= 2.7' not found)
'configure' finished successfully (4.027s)
Waf: Entering directory `/home/tdasilva/PRISMA-master/ns3-gym/build'
Waf: Leaving directory `/home/tdasilva/PRISMA-master/ns3-gym/build'
Build commands will be stored in build/compile_commands.json
'build' finished successfully (3.553s)
9
