/home/tdasilva/PRISMA-master/prisma/scripts/run_on_nef.sh: line 47: 143079 Killed                  singularity exec --nv prisma_latest.sif python3 main.py --seed=$2 --simTime=60 --basePort=$(((4444+$2)+(1000*$3)+($res0*15)+($6*20)+($8*1000))) --train=1 --agent_type=$4 --session_name="train_obs_in_bytes_fixed_$9_real_delay_$4_$5_$6_ts_0_01_seed_$2_traff_mat_$3_rb_size_$7_batch_512_lr_1e-3_gamma_1_final_eps_0_01_load_40_sync_$1_loss_x11_sp_init" --signaling_type=$5 --logs_parent_folder=examples/$9/ --traffic_matrix_root_path=examples/$9/traffic_matrices/ --traffic_matrix_index=$3 --adjacency_matrix_path=examples/$9/adjacency_matrix.txt --node_coordinates_path=examples/$9/node_coordinates.txt --training_step=0.01 --batch_size=512 --lr=0.001 --exploration_final_eps=0.01 --exploration_initial_eps=1.0 --iterationNum=3000 --gamma=1.0 --training_trigger_type="time" --save_models=1 --start_tensorboard=0 --replay_buffer_max_size=$7 --link_delay="1ms" --load_factor=0.4 --sync_step=$1 --max_out_buffer_size=16260 --sync_ratio=0.2 --signalingSim=$6 --load_path=examples/$9/$4_sp_init
/home/tdasilva/PRISMA-master/prisma/scripts/run_on_nef.sh: line 65: 144749 Killed                  singularity exec --nv prisma_latest.sif python3 main.py --simTime=20 --basePort=$(((4444 + $2)+(1000*$3)+($res0 * 15)+($8*1000))) --train=0 --seed=$2 --session_name="test_new_$9_real_delay_$4_$5_real_$6_rb_$7_sync_step_$1_variation_mat_$3_seed_$2_load_$res1" --signaling_type=$5 --agent_type=$4 --logs_parent_folder=examples/$9/ --traffic_matrix_index=$3 --adjacency_matrix_path=examples/$9/adjacency_matrix.txt --traffic_matrix_root_path=examples/$9/traffic_matrices/ --node_coordinates_path=examples/$9/node_coordinates.txt --save_models=0 --start_tensorboard=0 --sync_step=$1 --link_delay="1ms" --signalingSim=$6 --replay_buffer_max_size=$7 --max_out_buffer_size=16260 --load_path=examples/$9/saved_models/train_obs_in_bytes_fixed_$9_real_delay_$4_$5_$6_ts_0_01_seed_$2_traff_mat_$3_rb_size_$7_batch_512_lr_1e-3_gamma_1_final_eps_0_01_load_40_sync_$1_loss_x11_sp_init/iteration1_episode1 --load_factor=$j
Ns3Env parameters:
--simulationTime: 20
--openGymPort: 5829
--envStepTime: 0.05
--seed: 100
--testArg: 0
--adj_mat_file_name: /home/tdasilva/PRISMA-master/prisma/examples/abilene/adjacency_matrix.txt
--node_coordinates_file_name: /home/tdasilva/PRISMA-master/prisma/examples/abilene/node_coordinates.txt
--node_intensity_file_name: /home/tdasilva/PRISMA-master/prisma/examples/abilene/traffic_matrices/node_intensity_normalized_0.txt
--LinkDelay: 1ms
--MaxBufferLength: 16260B
--load_factor: 0.7
--linkFailureTime: 25
Creating link between switch nodes
12     11    1     0
14     13    2     0
16     15    3     0
18     17    4     1
20     19    5     1
22     21    4     2
24     23    6     2
26     25    7     3
28     27    8     4
30     29    9     5
32     31    7     6
34     33    9     8
36     35    10     8
38     37    10     9
Size switch_nd :39
Configuration of time based alert
Simulation start
Node: 0, GetObservationSpace:  BoxSpace Low: 0 High: 100000 Shape: (4,) Dtype: uint32_t
Node: 0, GetActionSpace:  DiscreteSpace N: 3
Simulation process id: 147226 (parent (waf shell) id: 146840)
Waiting for Python process to connect on port: tcp://localhost:5829
Please start proper Python Gym Agent
/home/tdasilva/PRISMA-master/prisma/scripts/run_on_nef.sh: line 65: 145955 Killed                  singularity exec --nv prisma_latest.sif python3 main.py --simTime=20 --basePort=$(((4444 + $2)+(1000*$3)+($res0 * 15)+($8*1000))) --train=0 --seed=$2 --session_name="test_new_$9_real_delay_$4_$5_real_$6_rb_$7_sync_step_$1_variation_mat_$3_seed_$2_load_$res1" --signaling_type=$5 --agent_type=$4 --logs_parent_folder=examples/$9/ --traffic_matrix_index=$3 --adjacency_matrix_path=examples/$9/adjacency_matrix.txt --traffic_matrix_root_path=examples/$9/traffic_matrices/ --node_coordinates_path=examples/$9/node_coordinates.txt --save_models=0 --start_tensorboard=0 --sync_step=$1 --link_delay="1ms" --signalingSim=$6 --replay_buffer_max_size=$7 --max_out_buffer_size=16260 --load_path=examples/$9/saved_models/train_obs_in_bytes_fixed_$9_real_delay_$4_$5_$6_ts_0_01_seed_$2_traff_mat_$3_rb_size_$7_batch_512_lr_1e-3_gamma_1_final_eps_0_01_load_40_sync_$1_loss_x11_sp_init/iteration1_episode1 --load_factor=$j
/home/tdasilva/PRISMA-master/prisma/scripts/run_on_nef.sh: line 65: 147382 Killed                  singularity exec --nv prisma_latest.sif python3 main.py --simTime=20 --basePort=$(((4444 + $2)+(1000*$3)+($res0 * 15)+($8*1000))) --train=0 --seed=$2 --session_name="test_new_$9_real_delay_$4_$5_real_$6_rb_$7_sync_step_$1_variation_mat_$3_seed_$2_load_$res1" --signaling_type=$5 --agent_type=$4 --logs_parent_folder=examples/$9/ --traffic_matrix_index=$3 --adjacency_matrix_path=examples/$9/adjacency_matrix.txt --traffic_matrix_root_path=examples/$9/traffic_matrices/ --node_coordinates_path=examples/$9/node_coordinates.txt --save_models=0 --start_tensorboard=0 --sync_step=$1 --link_delay="1ms" --signalingSim=$6 --replay_buffer_max_size=$7 --max_out_buffer_size=16260 --load_path=examples/$9/saved_models/train_obs_in_bytes_fixed_$9_real_delay_$4_$5_$6_ts_0_01_seed_$2_traff_mat_$3_rb_size_$7_batch_512_lr_1e-3_gamma_1_final_eps_0_01_load_40_sync_$1_loss_x11_sp_init/iteration1_episode1 --load_factor=$j
Ns3Env parameters:
--simulationTime: 20
--openGymPort: 5829
--envStepTime: 0.05
--seed: 100
--testArg: 0
--adj_mat_file_name: /home/tdasilva/PRISMA-master/prisma/examples/abilene/adjacency_matrix.txt
--node_coordinates_file_name: /home/tdasilva/PRISMA-master/prisma/examples/abilene/node_coordinates.txt
--node_intensity_file_name: /home/tdasilva/PRISMA-master/prisma/examples/abilene/traffic_matrices/node_intensity_normalized_0.txt
--LinkDelay: 1ms
--MaxBufferLength: 16260B
--load_factor: 0.9
--linkFailureTime: 25
Creating link between switch nodes
12     11    1     0
14     13    2     0
16     15    3     0
18     17    4     1
20     19    5     1
22     21    4     2
24     23    6     2
26     25    7     3
28     27    8     4
30     29    9     5
32     31    7     6
34     33    9     8
36     35    10     8
38     37    10     9
Size switch_nd :39
Configuration of time based alert
Simulation start
Node: 0, GetObservationSpace:  BoxSpace Low: 0 High: 100000 Shape: (4,) Dtype: uint32_t
Node: 0, GetActionSpace:  DiscreteSpace N: 3
Simulation process id: 149740 (parent (waf shell) id: 149628)
Waiting for Python process to connect on port: tcp://localhost:5829
Please start proper Python Gym Agent
/home/tdasilva/PRISMA-master/prisma/scripts/run_on_nef.sh: line 65: 148356 Killed                  singularity exec --nv prisma_latest.sif python3 main.py --simTime=20 --basePort=$(((4444 + $2)+(1000*$3)+($res0 * 15)+($8*1000))) --train=0 --seed=$2 --session_name="test_new_$9_real_delay_$4_$5_real_$6_rb_$7_sync_step_$1_variation_mat_$3_seed_$2_load_$res1" --signaling_type=$5 --agent_type=$4 --logs_parent_folder=examples/$9/ --traffic_matrix_index=$3 --adjacency_matrix_path=examples/$9/adjacency_matrix.txt --traffic_matrix_root_path=examples/$9/traffic_matrices/ --node_coordinates_path=examples/$9/node_coordinates.txt --save_models=0 --start_tensorboard=0 --sync_step=$1 --link_delay="1ms" --signalingSim=$6 --replay_buffer_max_size=$7 --max_out_buffer_size=16260 --load_path=examples/$9/saved_models/train_obs_in_bytes_fixed_$9_real_delay_$4_$5_$6_ts_0_01_seed_$2_traff_mat_$3_rb_size_$7_batch_512_lr_1e-3_gamma_1_final_eps_0_01_load_40_sync_$1_loss_x11_sp_init/iteration1_episode1 --load_factor=$j
Ns3Env parameters:
--simulationTime: 20
--openGymPort: 5829
--envStepTime: 0.05
--seed: 100
--testArg: 0
--adj_mat_file_name: /home/tdasilva/PRISMA-master/prisma/examples/abilene/adjacency_matrix.txt
--node_coordinates_file_name: /home/tdasilva/PRISMA-master/prisma/examples/abilene/node_coordinates.txt
--node_intensity_file_name: /home/tdasilva/PRISMA-master/prisma/examples/abilene/traffic_matrices/node_intensity_normalized_0.txt
--LinkDelay: 1ms
--MaxBufferLength: 16260B
--load_factor: 1
--linkFailureTime: 25
Creating link between switch nodes
12     11    1     0
14     13    2     0
16     15    3     0
18     17    4     1
20     19    5     1
22     21    4     2
24     23    6     2
26     25    7     3
28     27    8     4
30     29    9     5
32     31    7     6
34     33    9     8
36     35    10     8
38     37    10     9
Size switch_nd :39
Configuration of time based alert
Simulation start
Node: 0, GetObservationSpace:  BoxSpace Low: 0 High: 100000 Shape: (4,) Dtype: uint32_t
Node: 0, GetActionSpace:  DiscreteSpace N: 3
Simulation process id: 151175 (parent (waf shell) id: 151028)
Waiting for Python process to connect on port: tcp://localhost:5829
Please start proper Python Gym Agent
/home/tdasilva/PRISMA-master/prisma/scripts/run_on_nef.sh: line 65: 149791 Killed                  singularity exec --nv prisma_latest.sif python3 main.py --simTime=20 --basePort=$(((4444 + $2)+(1000*$3)+($res0 * 15)+($8*1000))) --train=0 --seed=$2 --session_name="test_new_$9_real_delay_$4_$5_real_$6_rb_$7_sync_step_$1_variation_mat_$3_seed_$2_load_$res1" --signaling_type=$5 --agent_type=$4 --logs_parent_folder=examples/$9/ --traffic_matrix_index=$3 --adjacency_matrix_path=examples/$9/adjacency_matrix.txt --traffic_matrix_root_path=examples/$9/traffic_matrices/ --node_coordinates_path=examples/$9/node_coordinates.txt --save_models=0 --start_tensorboard=0 --sync_step=$1 --link_delay="1ms" --signalingSim=$6 --replay_buffer_max_size=$7 --max_out_buffer_size=16260 --load_path=examples/$9/saved_models/train_obs_in_bytes_fixed_$9_real_delay_$4_$5_$6_ts_0_01_seed_$2_traff_mat_$3_rb_size_$7_batch_512_lr_1e-3_gamma_1_final_eps_0_01_load_40_sync_$1_loss_x11_sp_init/iteration1_episode1 --load_factor=$j
Ns3Env parameters:
--simulationTime: 20
--openGymPort: 5829
--envStepTime: 0.05
--seed: 100
--testArg: 0
--adj_mat_file_name: /home/tdasilva/PRISMA-master/prisma/examples/abilene/adjacency_matrix.txt
--node_coordinates_file_name: /home/tdasilva/PRISMA-master/prisma/examples/abilene/node_coordinates.txt
--node_intensity_file_name: /home/tdasilva/PRISMA-master/prisma/examples/abilene/traffic_matrices/node_intensity_normalized_0.txt
--LinkDelay: 1ms
--MaxBufferLength: 16260B
--load_factor: 1.1
--linkFailureTime: 25
Creating link between switch nodes
12     11    1     0
14     13    2     0
16     15    3     0
18     17    4     1
20     19    5     1
22     21    4     2
24     23    6     2
26     25    7     3
28     27    8     4
30     29    9     5
32     31    7     6
34     33    9     8
36     35    10     8
38     37    10     9
Size switch_nd :39
Configuration of time based alert
Simulation start
Node: 0, GetObservationSpace:  BoxSpace Low: 0 High: 100000 Shape: (4,) Dtype: uint32_t
Node: 0, GetActionSpace:  DiscreteSpace N: 3
Simulation process id: 152790 (parent (waf shell) id: 152387)
Waiting for Python process to connect on port: tcp://localhost:5829
Please start proper Python Gym Agent
/home/tdasilva/PRISMA-master/prisma/scripts/run_on_nef.sh: line 65: 151336 Killed                  singularity exec --nv prisma_latest.sif python3 main.py --simTime=20 --basePort=$(((4444 + $2)+(1000*$3)+($res0 * 15)+($8*1000))) --train=0 --seed=$2 --session_name="test_new_$9_real_delay_$4_$5_real_$6_rb_$7_sync_step_$1_variation_mat_$3_seed_$2_load_$res1" --signaling_type=$5 --agent_type=$4 --logs_parent_folder=examples/$9/ --traffic_matrix_index=$3 --adjacency_matrix_path=examples/$9/adjacency_matrix.txt --traffic_matrix_root_path=examples/$9/traffic_matrices/ --node_coordinates_path=examples/$9/node_coordinates.txt --save_models=0 --start_tensorboard=0 --sync_step=$1 --link_delay="1ms" --signalingSim=$6 --replay_buffer_max_size=$7 --max_out_buffer_size=16260 --load_path=examples/$9/saved_models/train_obs_in_bytes_fixed_$9_real_delay_$4_$5_$6_ts_0_01_seed_$2_traff_mat_$3_rb_size_$7_batch_512_lr_1e-3_gamma_1_final_eps_0_01_load_40_sync_$1_loss_x11_sp_init/iteration1_episode1 --load_factor=$j
/home/tdasilva/PRISMA-master/prisma/scripts/run_on_nef.sh: line 65: 153055 Killed                  singularity exec --nv prisma_latest.sif python3 main.py --simTime=20 --basePort=$(((4444 + $2)+(1000*$3)+($res0 * 15)+($8*1000))) --train=0 --seed=$2 --session_name="test_new_$9_real_delay_$4_$5_real_$6_rb_$7_sync_step_$1_variation_mat_$3_seed_$2_load_$res1" --signaling_type=$5 --agent_type=$4 --logs_parent_folder=examples/$9/ --traffic_matrix_index=$3 --adjacency_matrix_path=examples/$9/adjacency_matrix.txt --traffic_matrix_root_path=examples/$9/traffic_matrices/ --node_coordinates_path=examples/$9/node_coordinates.txt --save_models=0 --start_tensorboard=0 --sync_step=$1 --link_delay="1ms" --signalingSim=$6 --replay_buffer_max_size=$7 --max_out_buffer_size=16260 --load_path=examples/$9/saved_models/train_obs_in_bytes_fixed_$9_real_delay_$4_$5_$6_ts_0_01_seed_$2_traff_mat_$3_rb_size_$7_batch_512_lr_1e-3_gamma_1_final_eps_0_01_load_40_sync_$1_loss_x11_sp_init/iteration1_episode1 --load_factor=$j
/home/tdasilva/PRISMA-master/prisma/scripts/run_on_nef.sh: line 65: 154076 Killed                  singularity exec --nv prisma_latest.sif python3 main.py --simTime=20 --basePort=$(((4444 + $2)+(1000*$3)+($res0 * 15)+($8*1000))) --train=0 --seed=$2 --session_name="test_new_$9_real_delay_$4_$5_real_$6_rb_$7_sync_step_$1_variation_mat_$3_seed_$2_load_$res1" --signaling_type=$5 --agent_type=$4 --logs_parent_folder=examples/$9/ --traffic_matrix_index=$3 --adjacency_matrix_path=examples/$9/adjacency_matrix.txt --traffic_matrix_root_path=examples/$9/traffic_matrices/ --node_coordinates_path=examples/$9/node_coordinates.txt --save_models=0 --start_tensorboard=0 --sync_step=$1 --link_delay="1ms" --signalingSim=$6 --replay_buffer_max_size=$7 --max_out_buffer_size=16260 --load_path=examples/$9/saved_models/train_obs_in_bytes_fixed_$9_real_delay_$4_$5_$6_ts_0_01_seed_$2_traff_mat_$3_rb_size_$7_batch_512_lr_1e-3_gamma_1_final_eps_0_01_load_40_sync_$1_loss_x11_sp_init/iteration1_episode1 --load_factor=$j
Ns3Env parameters:
--simulationTime: 20
--openGymPort: 5829
--envStepTime: 0.05
--seed: 100
--testArg: 0
--adj_mat_file_name: /home/tdasilva/PRISMA-master/prisma/examples/abilene/adjacency_matrix.txt
--node_coordinates_file_name: /home/tdasilva/PRISMA-master/prisma/examples/abilene/node_coordinates.txt
--node_intensity_file_name: /home/tdasilva/PRISMA-master/prisma/examples/abilene/traffic_matrices/node_intensity_normalized_0.txt
--LinkDelay: 1ms
--MaxBufferLength: 16260B
--load_factor: 1.4
--linkFailureTime: 25
Creating link between switch nodes
12     11    1     0
14     13    2     0
16     15    3     0
18     17    4     1
20     19    5     1
22     21    4     2
24     23    6     2
26     25    7     3
28     27    8     4
30     29    9     5
32     31    7     6
34     33    9     8
36     35    10     8
38     37    10     9
Size switch_nd :39
Configuration of time based alert
Simulation start
Node: 0, GetObservationSpace:  BoxSpace Low: 0 High: 100000 Shape: (4,) Dtype: uint32_t
Node: 0, GetActionSpace:  DiscreteSpace N: 3
Simulation process id: 156319 (parent (waf shell) id: 156244)
Waiting for Python process to connect on port: tcp://localhost:5829
Please start proper Python Gym Agent
/home/tdasilva/PRISMA-master/prisma/scripts/run_on_nef.sh: line 65: 154996 Killed                  singularity exec --nv prisma_latest.sif python3 main.py --simTime=20 --basePort=$(((4444 + $2)+(1000*$3)+($res0 * 15)+($8*1000))) --train=0 --seed=$2 --session_name="test_new_$9_real_delay_$4_$5_real_$6_rb_$7_sync_step_$1_variation_mat_$3_seed_$2_load_$res1" --signaling_type=$5 --agent_type=$4 --logs_parent_folder=examples/$9/ --traffic_matrix_index=$3 --adjacency_matrix_path=examples/$9/adjacency_matrix.txt --traffic_matrix_root_path=examples/$9/traffic_matrices/ --node_coordinates_path=examples/$9/node_coordinates.txt --save_models=0 --start_tensorboard=0 --sync_step=$1 --link_delay="1ms" --signalingSim=$6 --replay_buffer_max_size=$7 --max_out_buffer_size=16260 --load_path=examples/$9/saved_models/train_obs_in_bytes_fixed_$9_real_delay_$4_$5_$6_ts_0_01_seed_$2_traff_mat_$3_rb_size_$7_batch_512_lr_1e-3_gamma_1_final_eps_0_01_load_40_sync_$1_loss_x11_sp_init/iteration1_episode1 --load_factor=$j
